# Logfile created on 2012-10-13 13:08:26 +0200 by logger.rb/31641
D, [2012-10-13T13:08:26.479121 #22644] DEBUG -- : {"username"=>"bob", "password"=>"password"}
D, [2012-10-13T13:08:37.127792 #22644] DEBUG -- : {"uid"=>"bob", "password"=>"johnson"}
D, [2012-10-13T13:08:43.347239 #22644] DEBUG -- : {"uid"=>"bob", "password"=>"johnson"}
D, [2012-10-13T13:12:18.106504 #22644] DEBUG -- : {"uid"=>"Dfdfasfd", "password"=>"afadfdsaf"}
D, [2012-10-13T13:12:39.030975 #22644] DEBUG -- : {"uid"=>"Dfd", "password"=>"afadfdsaf"}
D, [2012-10-13T13:13:09.152579 #22644] DEBUG -- : {"uid"=>"Ted ", "password"=>"bundy"}
D, [2012-10-13T16:20:34.873214 #24998] DEBUG -- : {}
D, [2012-10-13T16:20:34.877927 #24998] DEBUG -- : {}
D, [2012-10-13T16:20:34.879483 #24998] DEBUG -- : {}
D, [2012-10-13T16:20:34.880852 #24998] DEBUG -- : {}
D, [2012-10-13T16:20:34.883772 #24998] DEBUG -- : {"uid"=>"Awefaewf", "password"=>"wefa"}
D, [2012-10-13T16:20:34.886005 #24998] DEBUG -- : {"uid"=>"Awefaewf", "password"=>"wefa"}
D, [2012-10-13T16:20:56.075218 #25040] DEBUG -- : {"uid"=>"Awefaw", "password"=>"aewfewf"}
D, [2012-10-13T16:23:57.664903 #25040] DEBUG -- : {"uid"=>"Aefaef", "password"=>"awfefaw"}
D, [2012-10-13T16:24:55.425126 #25040] DEBUG -- : {"uid"=>"Afeew", "password"=>"afewwf"}
D, [2012-10-13T16:25:21.531724 #25040] DEBUG -- : {"uid"=>"Afewfa", "password"=>"aefwae"}
D, [2012-10-13T16:25:40.105557 #25040] DEBUG -- : {"uid"=>"aefew", "password"=>"afwe"}
D, [2012-10-13T16:26:55.079275 #25040] DEBUG -- : {"uid"=>"Afew", "password"=>"afewf"}
D, [2012-10-13T16:27:53.781842 #25040] DEBUG -- : {"uid"=>"Awfe", "password"=>"aewf"}
D, [2012-10-13T16:28:18.172052 #25040] DEBUG -- : {"uid"=>"Awefwe", "password"=>"aefwe"}
D, [2012-10-13T16:55:39.517382 #25040] DEBUG -- : {"uid"=>"bob", "password"=>"loojio"}
D, [2012-10-13T16:55:43.132693 #25040] DEBUG -- : {"uid"=>"bob", "password"=>"loojio"}
D, [2012-10-13T16:55:46.228220 #25040] DEBUG -- : {"uid"=>"bob", "password"=>"loojio"}
D, [2012-10-13T17:00:17.293112 #25040] DEBUG -- : {"uid"=>"a[kf", "password"=>"k[[po[k"}
D, [2012-10-13T17:02:43.766138 #30243] DEBUG -- : {"uid"=>"aefwf", "password"=>"afweeaf"}
D, [2012-10-13T17:02:52.503943 #30243] DEBUG -- : {"uid"=>"aefwf", "password"=>"afweeaf"}
D, [2012-10-13T17:03:30.068050 #30312] DEBUG -- : {"uid"=>"afefaf", "password"=>"afwef"}
D, [2012-10-13T17:06:09.416148 #30312] DEBUG -- : {"uid"=>"afwef", "password"=>"afewf"}
D, [2012-10-13T17:06:31.690972 #30312] DEBUG -- : {"uid"=>"aeawef", "password"=>"aefaewf"}
D, [2012-10-13T17:07:41.738714 #30312] DEBUG -- : {"uid"=>"afaef", "password"=>"afefw"}
D, [2012-10-13T17:08:35.029855 #30312] DEBUG -- : {"uid"=>"fafw", "password"=>"awfwef"}
D, [2012-10-13T17:09:32.447646 #30312] DEBUG -- : {"uid"=>"fafwfas", "password"=>"faweawfwef"}
D, [2012-10-13T17:57:45.508024 #30312] DEBUG -- : {"uid"=>"bo", "password"=>"johnson"}
D, [2012-10-13T18:42:14.731340 #6855] DEBUG -- : {"uid"=>"Bob", "password"=>"johnson"}
D, [2012-10-13T18:44:08.302519 #6855] DEBUG -- : {"uid"=>"Joe", "password"=>"johnson"}
D, [2012-10-13T22:44:26.978935 #6855] DEBUG -- : {"uid"=>"hello", "password"=>"world"}
D, [2012-10-13T22:46:40.051198 #6855] DEBUG -- : {"uid"=>"Hello", "password"=>"world"}
D, [2012-10-13T22:48:41.381950 #6855] DEBUG -- : {"uid"=>"Aaron", "password"=>"bobob"}
D, [2012-10-13T22:50:20.123801 #6855] DEBUG -- : {"uid"=>"aefaew", "password"=>"aefwf"}
D, [2012-10-13T22:51:02.286489 #6855] DEBUG -- : {"uid"=>"Adfsdadf", "password"=>"adfsdf"}
D, [2012-10-13T22:51:20.596310 #6855] DEBUG -- : {"uid"=>"afawef", "password"=>"awefawf"}
D, [2012-10-13T22:52:19.015200 #6855] DEBUG -- : {"uid"=>"awfw", "password"=>"aefw"}
D, [2012-10-13T22:52:20.285823 #6855] DEBUG -- : {"uid"=>"", "password"=>""}
D, [2012-10-13T22:52:26.474286 #6855] DEBUG -- : {"uid"=>"afwefa", "password"=>"aefwfe"}
D, [2012-10-13T22:52:48.454997 #6855] DEBUG -- : {"uid"=>"aefaew", "password"=>"aef"}
D, [2012-10-13T22:53:25.931185 #6855] DEBUG -- : {"uid"=>"aefw", "password"=>"afwe"}
D, [2012-10-13T22:53:48.676910 #6855] DEBUG -- : {"uid"=>"Afdfawef", "password"=>"aewf"}
D, [2012-10-13T22:53:53.594691 #6855] DEBUG -- : {"uid"=>"Afwfe", "password"=>"aefw"}
D, [2012-10-13T22:54:18.982697 #6855] DEBUG -- : {"uid"=>"aewfw", "password"=>"aefwe"}
D, [2012-10-13T22:54:49.507565 #6855] DEBUG -- : {"uid"=>"afw", "password"=>"aef"}
D, [2012-10-13T22:57:53.571844 #6855] DEBUG -- : {"uid"=>"Afewf", "password"=>"aefwfa"}
